/*C123*/SET SCHEMA PUBLIC
DISCONNECT
/*C131*/SET SCHEMA PUBLIC
DISCONNECT
/*C130*/SET SCHEMA PUBLIC
DISCONNECT
/*C129*/SET SCHEMA PUBLIC
DISCONNECT
/*C128*/SET SCHEMA PUBLIC
DISCONNECT
/*C127*/SET SCHEMA PUBLIC
DISCONNECT
/*C126*/SET SCHEMA PUBLIC
DISCONNECT
/*C125*/SET SCHEMA PUBLIC
DISCONNECT
/*C124*/SET SCHEMA PUBLIC
DISCONNECT
/*C132*/SET SCHEMA PUBLIC
DISCONNECT
/*C134*/SET SCHEMA PUBLIC
DISCONNECT
/*C135*/SET SCHEMA PUBLIC
DISCONNECT
/*C136*/SET SCHEMA PUBLIC
DISCONNECT
/*C137*/SET SCHEMA PUBLIC
DISCONNECT
/*C138*/SET SCHEMA PUBLIC
DISCONNECT
/*C139*/SET SCHEMA PUBLIC
DISCONNECT
/*C140*/SET SCHEMA PUBLIC
DISCONNECT
/*C141*/SET SCHEMA PUBLIC
DISCONNECT
/*C142*/SET SCHEMA PUBLIC
DISCONNECT
/*C143*/SET SCHEMA PUBLIC
DISCONNECT
/*C144*/SET SCHEMA PUBLIC
DISCONNECT
/*C145*/SET SCHEMA PUBLIC
DISCONNECT
/*C146*/SET SCHEMA PUBLIC
DISCONNECT
/*C147*/SET SCHEMA PUBLIC
DISCONNECT
/*C148*/SET SCHEMA PUBLIC
DISCONNECT
/*C149*/SET SCHEMA PUBLIC
DISCONNECT
/*C150*/SET SCHEMA PUBLIC
DISCONNECT
/*C151*/SET SCHEMA PUBLIC
DISCONNECT
/*C152*/SET SCHEMA PUBLIC
DISCONNECT
/*C153*/SET SCHEMA PUBLIC
DISCONNECT
/*C154*/SET SCHEMA PUBLIC
DISCONNECT
/*C155*/SET SCHEMA PUBLIC
DISCONNECT
/*C156*/SET SCHEMA PUBLIC
DISCONNECT
/*C157*/SET SCHEMA PUBLIC
DISCONNECT
/*C158*/SET SCHEMA PUBLIC
DISCONNECT
/*C159*/SET SCHEMA PUBLIC
DISCONNECT
/*C160*/SET SCHEMA PUBLIC
DISCONNECT
/*C161*/SET SCHEMA PUBLIC
DISCONNECT
/*C162*/SET SCHEMA PUBLIC
DISCONNECT
/*C163*/SET SCHEMA PUBLIC
set schema PUBLIC
/*C164*/SET SCHEMA PUBLIC
DISCONNECT
/*C163*/set schema PUBLIC
SET SCHEMA INFORMATION_SCHEMA
set schema INFORMATION_SCHEMA
SET SCHEMA SYSTEM_LOBS
set schema SYSTEM_LOBS
/*C165*/SET SCHEMA PUBLIC
DISCONNECT
/*C166*/SET SCHEMA PUBLIC
DISCONNECT
/*C167*/SET SCHEMA PUBLIC
DISCONNECT
/*C168*/SET SCHEMA PUBLIC
DISCONNECT
/*C169*/SET SCHEMA PUBLIC
DISCONNECT
/*C170*/SET SCHEMA PUBLIC
DISCONNECT
/*C171*/SET SCHEMA PUBLIC
DISCONNECT
/*C172*/SET SCHEMA PUBLIC
DISCONNECT
/*C173*/SET SCHEMA PUBLIC
DISCONNECT
/*C174*/SET SCHEMA PUBLIC
DISCONNECT
/*C175*/SET SCHEMA PUBLIC
DISCONNECT
/*C176*/SET SCHEMA PUBLIC
DISCONNECT
/*C177*/SET SCHEMA PUBLIC
DISCONNECT
/*C178*/SET SCHEMA PUBLIC
DISCONNECT
/*C179*/SET SCHEMA PUBLIC
DISCONNECT
/*C180*/SET SCHEMA PUBLIC
DISCONNECT
/*C181*/SET SCHEMA PUBLIC
DISCONNECT
/*C182*/SET SCHEMA PUBLIC
DISCONNECT
/*C183*/SET SCHEMA PUBLIC
DISCONNECT
/*C184*/SET SCHEMA PUBLIC
DISCONNECT
/*C185*/SET SCHEMA PUBLIC
DISCONNECT
/*C186*/SET SCHEMA PUBLIC
DISCONNECT
/*C187*/SET SCHEMA PUBLIC
DISCONNECT
/*C188*/SET SCHEMA PUBLIC
DISCONNECT
/*C189*/SET SCHEMA PUBLIC
DISCONNECT
/*C190*/SET SCHEMA PUBLIC
DISCONNECT
/*C191*/SET SCHEMA PUBLIC
DISCONNECT
/*C192*/SET SCHEMA PUBLIC
DISCONNECT
/*C193*/SET SCHEMA PUBLIC
DISCONNECT
/*C194*/SET SCHEMA PUBLIC
DISCONNECT
/*C195*/SET SCHEMA PUBLIC
DISCONNECT
/*C196*/SET SCHEMA PUBLIC
DISCONNECT
/*C197*/SET SCHEMA PUBLIC
DISCONNECT
/*C198*/SET SCHEMA PUBLIC
DISCONNECT
/*C199*/SET SCHEMA PUBLIC
DISCONNECT
/*C200*/SET SCHEMA PUBLIC
DISCONNECT
/*C201*/SET SCHEMA PUBLIC
DISCONNECT
/*C202*/SET SCHEMA PUBLIC
DISCONNECT
/*C133*/SET SCHEMA PUBLIC
DISCONNECT
/*C163*/DISCONNECT
/*C203*/SET SCHEMA PUBLIC
DISCONNECT
/*C204*/SET SCHEMA PUBLIC
DISCONNECT
/*C205*/SET SCHEMA PUBLIC
DISCONNECT
/*C206*/SET SCHEMA PUBLIC
DISCONNECT
/*C207*/SET SCHEMA PUBLIC
DISCONNECT
/*C208*/SET SCHEMA PUBLIC
DISCONNECT
/*C209*/SET SCHEMA PUBLIC
DISCONNECT
/*C210*/SET SCHEMA PUBLIC
DISCONNECT
/*C211*/SET SCHEMA PUBLIC
DISCONNECT
/*C212*/SET SCHEMA PUBLIC
DISCONNECT
/*C213*/SET SCHEMA PUBLIC
DISCONNECT
/*C214*/SET SCHEMA PUBLIC
DISCONNECT
/*C215*/SET SCHEMA PUBLIC
DISCONNECT
/*C216*/SET SCHEMA PUBLIC
DISCONNECT
/*C217*/SET SCHEMA PUBLIC
DISCONNECT
/*C218*/SET SCHEMA PUBLIC
DISCONNECT
/*C219*/SET SCHEMA PUBLIC
DISCONNECT
/*C220*/SET SCHEMA PUBLIC
DISCONNECT
/*C221*/SET SCHEMA PUBLIC
DISCONNECT
/*C222*/SET SCHEMA PUBLIC
DISCONNECT
/*C223*/SET SCHEMA PUBLIC
DISCONNECT
/*C224*/SET SCHEMA PUBLIC
DISCONNECT
/*C225*/SET SCHEMA PUBLIC
DISCONNECT
/*C226*/SET SCHEMA PUBLIC
DISCONNECT
/*C227*/SET SCHEMA PUBLIC
DISCONNECT
/*C228*/SET SCHEMA PUBLIC
DISCONNECT
/*C229*/SET SCHEMA PUBLIC
DISCONNECT
/*C230*/SET SCHEMA PUBLIC
DISCONNECT
/*C231*/SET SCHEMA PUBLIC
DISCONNECT
/*C233*/SET SCHEMA PUBLIC
DISCONNECT
/*C234*/SET SCHEMA PUBLIC
DISCONNECT
/*C235*/SET SCHEMA PUBLIC
DISCONNECT
/*C236*/SET SCHEMA PUBLIC
DISCONNECT
/*C237*/SET SCHEMA PUBLIC
DISCONNECT
/*C238*/SET SCHEMA PUBLIC
DISCONNECT
/*C239*/SET SCHEMA PUBLIC
DISCONNECT
/*C240*/SET SCHEMA PUBLIC
DISCONNECT
/*C241*/SET SCHEMA PUBLIC
DISCONNECT
/*C242*/SET SCHEMA PUBLIC
DISCONNECT
/*C245*/SET SCHEMA PUBLIC
DISCONNECT
/*C247*/SET SCHEMA PUBLIC
DISCONNECT
/*C244*/SET SCHEMA PUBLIC
DISCONNECT
/*C243*/SET SCHEMA PUBLIC
DISCONNECT
/*C246*/SET SCHEMA PUBLIC
DISCONNECT
/*C248*/SET SCHEMA PUBLIC
DISCONNECT
/*C249*/SET SCHEMA PUBLIC
DISCONNECT
/*C250*/SET SCHEMA PUBLIC
DISCONNECT
/*C251*/SET SCHEMA PUBLIC
DISCONNECT
/*C252*/SET SCHEMA PUBLIC
DISCONNECT
/*C253*/SET SCHEMA PUBLIC
DISCONNECT
/*C254*/SET SCHEMA PUBLIC
DISCONNECT
/*C255*/SET SCHEMA PUBLIC
DISCONNECT
/*C256*/SET SCHEMA PUBLIC
DISCONNECT
/*C257*/SET SCHEMA PUBLIC
DISCONNECT
/*C258*/SET SCHEMA PUBLIC
DISCONNECT
/*C259*/SET SCHEMA PUBLIC
DISCONNECT
/*C260*/SET SCHEMA PUBLIC
DISCONNECT
/*C261*/SET SCHEMA PUBLIC
DISCONNECT
/*C262*/SET SCHEMA PUBLIC
DISCONNECT
/*C263*/SET SCHEMA PUBLIC
DISCONNECT
/*C264*/SET SCHEMA PUBLIC
DISCONNECT
/*C265*/SET SCHEMA PUBLIC
DISCONNECT
/*C266*/SET SCHEMA PUBLIC
DISCONNECT
/*C267*/SET SCHEMA PUBLIC
DISCONNECT
/*C268*/SET SCHEMA PUBLIC
DISCONNECT
/*C269*/SET SCHEMA PUBLIC
DISCONNECT
/*C270*/SET SCHEMA PUBLIC
DISCONNECT
/*C271*/SET SCHEMA PUBLIC
DISCONNECT
/*C272*/SET SCHEMA PUBLIC
DISCONNECT
/*C273*/SET SCHEMA PUBLIC
DISCONNECT
/*C274*/SET SCHEMA PUBLIC
DISCONNECT
/*C275*/SET SCHEMA PUBLIC
DISCONNECT
/*C276*/SET SCHEMA PUBLIC
DISCONNECT
/*C277*/SET SCHEMA PUBLIC
DISCONNECT
/*C279*/SET SCHEMA PUBLIC
INSERT INTO BOOK_COPY VALUES(1,'5620582213794-1',1,TRUE)
ALTER SEQUENCE PUBLIC.BOOK_COPY_SEQ RESTART WITH 51
COMMIT
INSERT INTO BOOK_COPY VALUES(2,'5620582213794-2',1,TRUE)
ALTER SEQUENCE PUBLIC.BOOK_COPY_SEQ RESTART WITH 101
COMMIT
INSERT INTO BOOK_COPY VALUES(3,'5620582213794-3',1,TRUE)
COMMIT
INSERT INTO BOOK_COPY VALUES(4,'5620582213794-4',1,TRUE)
COMMIT
INSERT INTO BOOK_COPY VALUES(5,'5620582213794-5',1,TRUE)
COMMIT
INSERT INTO BOOK_COPY VALUES(6,'5820192437850-1',2,TRUE)
COMMIT
INSERT INTO BOOK_COPY VALUES(7,'5820192437850-2',2,TRUE)
COMMIT
INSERT INTO BOOK_COPY VALUES(8,'5820192437850-3',2,TRUE)
COMMIT
INSERT INTO BOOK_COPY VALUES(9,'5820192437850-4',2,TRUE)
COMMIT
INSERT INTO BOOK_COPY VALUES(10,'5820192437850-5',2,TRUE)
COMMIT
INSERT INTO BOOK_COPY VALUES(11,'5820192437850-6',2,TRUE)
COMMIT
INSERT INTO BOOK_COPY VALUES(12,'5820192437850-7',2,TRUE)
COMMIT
INSERT INTO BOOK_COPY VALUES(13,'0375831002-1',3,TRUE)
COMMIT
INSERT INTO BOOK_COPY VALUES(14,'0375831002-2',3,TRUE)
COMMIT
INSERT INTO BOOK_COPY VALUES(15,'0375831002-3',3,TRUE)
COMMIT
INSERT INTO BOOK_COPY VALUES(16,'0375831002-4',3,TRUE)
COMMIT
INSERT INTO BOOK_COPY VALUES(17,'0375831002-5',3,TRUE)
COMMIT
INSERT INTO BOOK_COPY VALUES(18,'0375831002-6',3,TRUE)
COMMIT
INSERT INTO BOOK_COPY VALUES(19,'0375831002-7',3,TRUE)
COMMIT
INSERT INTO BOOK_COPY VALUES(20,'0375831002-8',3,TRUE)
COMMIT
INSERT INTO BOOK_COPY VALUES(21,'3876492189461-1',4,TRUE)
COMMIT
INSERT INTO BOOK_COPY VALUES(22,'3876492189461-2',4,TRUE)
COMMIT
INSERT INTO BOOK_COPY VALUES(23,'34987510873-1',5,TRUE)
COMMIT
INSERT INTO BOOK_COPY VALUES(24,'34987510873-2',5,TRUE)
COMMIT
INSERT INTO BOOK_COPY VALUES(25,'34987510873-3',5,TRUE)
COMMIT
INSERT INTO BOOK_COPY VALUES(26,'6782303198540-1',6,TRUE)
COMMIT
INSERT INTO BOOK_COPY VALUES(27,'6782303198540-2',6,TRUE)
COMMIT
INSERT INTO BOOK_COPY VALUES(28,'6782303198540-3',6,TRUE)
COMMIT
INSERT INTO BOOK_COPY VALUES(29,'6782303198540-4',6,TRUE)
COMMIT
INSERT INTO BOOK_COPY VALUES(30,'1874620016745-1',7,TRUE)
COMMIT
INSERT INTO BOOK_COPY VALUES(31,'1874620016745-2',7,TRUE)
COMMIT
DISCONNECT
/*C280*/SET SCHEMA PUBLIC
DISCONNECT
/*C281*/SET SCHEMA PUBLIC
DISCONNECT
/*C282*/SET SCHEMA PUBLIC
DISCONNECT
/*C283*/SET SCHEMA PUBLIC
DISCONNECT
/*C284*/SET SCHEMA PUBLIC
DISCONNECT
/*C285*/SET SCHEMA PUBLIC
DISCONNECT
/*C286*/SET SCHEMA PUBLIC
DISCONNECT
/*C287*/SET SCHEMA PUBLIC
DISCONNECT
/*C288*/SET SCHEMA PUBLIC
DISCONNECT
/*C289*/SET SCHEMA PUBLIC
DISCONNECT
/*C290*/SET SCHEMA PUBLIC
DISCONNECT
/*C291*/SET SCHEMA PUBLIC
DISCONNECT
/*C292*/SET SCHEMA PUBLIC
DISCONNECT
/*C293*/SET SCHEMA PUBLIC
DISCONNECT
/*C294*/SET SCHEMA PUBLIC
DISCONNECT
/*C295*/SET SCHEMA PUBLIC
DISCONNECT
/*C296*/SET SCHEMA PUBLIC
DISCONNECT
/*C297*/SET SCHEMA PUBLIC
DISCONNECT
/*C232*/SET SCHEMA PUBLIC
DISCONNECT
/*C298*/SET SCHEMA PUBLIC
set schema PUBLIC
/*C299*/SET SCHEMA PUBLIC
DISCONNECT
/*C300*/SET SCHEMA PUBLIC
DISCONNECT
/*C278*/SET SCHEMA PUBLIC
DISCONNECT
/*C298*/drop table RETURN
/*C301*/SET SCHEMA PUBLIC
DISCONNECT
/*C298*/drop table RESERVATION
/*C302*/SET SCHEMA PUBLIC
DISCONNECT
/*C303*/SET SCHEMA PUBLIC
\u000d\u000a    create table reservation (\u000d\u000a        id integer generated by default as identity (start with 1),\u000d\u000a        period integer not null,\u000d\u000a        pickup_date date not null,\u000d\u000a        reservation_date date not null,\u000d\u000a        status VARCHAR(255) not null check (status in ('PENDING','ACTIVE','CANCELLED','COMPLETED')),\u000d\u000a        copy_id integer not null,\u000d\u000a        user_id integer not null,\u000d\u000a        primary key (id)\u000d\u000a    )
\u000d\u000a    create table return (\u000d\u000a        id integer generated by default as identity (start with 1),\u000d\u000a        return_id date not null,\u000d\u000a        reservation_id integer not null,\u000d\u000a        primary key (id)\u000d\u000a    )
\u000d\u000a    alter table return \u000d\u000a       add constraint UKb6qu0mrou85qtur94eo72w2pw unique (reservation_id)
\u000d\u000a    alter table reservation \u000d\u000a       add constraint FKgwfxiuu09uu12x30v8nyclrg4 \u000d\u000a       foreign key (copy_id) \u000d\u000a       references book_copy
\u000d\u000a    alter table reservation \u000d\u000a       add constraint FKm4oimk0l1757o9pwavorj6ljg \u000d\u000a       foreign key (user_id) \u000d\u000a       references user
\u000d\u000a    alter table return \u000d\u000a       add constraint FKfrv10jcwvhjgcgo8tfrepmlf \u000d\u000a       foreign key (reservation_id) \u000d\u000a       references reservation
DISCONNECT
/*C304*/SET SCHEMA PUBLIC
DISCONNECT
/*C305*/SET SCHEMA PUBLIC
DISCONNECT
/*C306*/SET SCHEMA PUBLIC
DISCONNECT
/*C307*/SET SCHEMA PUBLIC
DISCONNECT
/*C308*/SET SCHEMA PUBLIC
DISCONNECT
/*C309*/SET SCHEMA PUBLIC
DISCONNECT
/*C310*/SET SCHEMA PUBLIC
DISCONNECT
/*C311*/SET SCHEMA PUBLIC
DISCONNECT
/*C312*/SET SCHEMA PUBLIC
DISCONNECT
/*C313*/SET SCHEMA PUBLIC
DISCONNECT
/*C314*/SET SCHEMA PUBLIC
DISCONNECT
/*C315*/SET SCHEMA PUBLIC
DISCONNECT
/*C316*/SET SCHEMA PUBLIC
DISCONNECT
/*C317*/SET SCHEMA PUBLIC
DISCONNECT
/*C318*/SET SCHEMA PUBLIC
DISCONNECT
/*C319*/SET SCHEMA PUBLIC
DISCONNECT
/*C320*/SET SCHEMA PUBLIC
DISCONNECT
/*C321*/SET SCHEMA PUBLIC
DISCONNECT
/*C322*/SET SCHEMA PUBLIC
DISCONNECT
/*C323*/SET SCHEMA PUBLIC
DISCONNECT
/*C324*/SET SCHEMA PUBLIC
DISCONNECT
/*C326*/SET SCHEMA PUBLIC
INSERT INTO BOOK_COPY VALUES(52,'5620582213794-1',1,TRUE)
ALTER SEQUENCE PUBLIC.BOOK_COPY_SEQ RESTART WITH 151
COMMIT
INSERT INTO BOOK_COPY VALUES(53,'5620582213794-2',1,TRUE)
COMMIT
INSERT INTO BOOK_COPY VALUES(54,'5620582213794-3',1,TRUE)
COMMIT
INSERT INTO BOOK_COPY VALUES(55,'5620582213794-4',1,TRUE)
COMMIT
INSERT INTO BOOK_COPY VALUES(56,'5620582213794-5',1,TRUE)
COMMIT
INSERT INTO BOOK_COPY VALUES(57,'5820192437850-1',2,TRUE)
COMMIT
INSERT INTO BOOK_COPY VALUES(58,'5820192437850-2',2,TRUE)
COMMIT
INSERT INTO BOOK_COPY VALUES(59,'5820192437850-3',2,TRUE)
COMMIT
INSERT INTO BOOK_COPY VALUES(60,'5820192437850-4',2,TRUE)
COMMIT
INSERT INTO BOOK_COPY VALUES(61,'5820192437850-5',2,TRUE)
COMMIT
INSERT INTO BOOK_COPY VALUES(62,'5820192437850-6',2,TRUE)
COMMIT
INSERT INTO BOOK_COPY VALUES(63,'5820192437850-7',2,TRUE)
COMMIT
INSERT INTO BOOK_COPY VALUES(64,'0375831002-1',3,TRUE)
COMMIT
INSERT INTO BOOK_COPY VALUES(65,'0375831002-2',3,TRUE)
COMMIT
INSERT INTO BOOK_COPY VALUES(66,'0375831002-3',3,TRUE)
COMMIT
INSERT INTO BOOK_COPY VALUES(67,'0375831002-4',3,TRUE)
COMMIT
INSERT INTO BOOK_COPY VALUES(68,'0375831002-5',3,TRUE)
COMMIT
INSERT INTO BOOK_COPY VALUES(69,'0375831002-6',3,TRUE)
COMMIT
INSERT INTO BOOK_COPY VALUES(70,'0375831002-7',3,TRUE)
COMMIT
INSERT INTO BOOK_COPY VALUES(71,'0375831002-8',3,TRUE)
COMMIT
INSERT INTO BOOK_COPY VALUES(72,'3876492189461-1',4,TRUE)
COMMIT
INSERT INTO BOOK_COPY VALUES(73,'3876492189461-2',4,TRUE)
COMMIT
INSERT INTO BOOK_COPY VALUES(74,'34987510873-1',5,TRUE)
COMMIT
INSERT INTO BOOK_COPY VALUES(75,'34987510873-2',5,TRUE)
COMMIT
INSERT INTO BOOK_COPY VALUES(76,'34987510873-3',5,TRUE)
COMMIT
INSERT INTO BOOK_COPY VALUES(77,'6782303198540-1',6,TRUE)
COMMIT
INSERT INTO BOOK_COPY VALUES(78,'6782303198540-2',6,TRUE)
COMMIT
INSERT INTO BOOK_COPY VALUES(79,'6782303198540-3',6,TRUE)
COMMIT
INSERT INTO BOOK_COPY VALUES(80,'6782303198540-4',6,TRUE)
COMMIT
INSERT INTO BOOK_COPY VALUES(81,'1874620016745-1',7,TRUE)
COMMIT
INSERT INTO BOOK_COPY VALUES(82,'1874620016745-2',7,TRUE)
COMMIT
/*C325*/SET SCHEMA PUBLIC
DISCONNECT
/*C326*/DISCONNECT
/*C327*/SET SCHEMA PUBLIC
DISCONNECT
/*C328*/SET SCHEMA PUBLIC
DISCONNECT
/*C329*/SET SCHEMA PUBLIC
DISCONNECT
/*C330*/SET SCHEMA PUBLIC
DISCONNECT
/*C331*/SET SCHEMA PUBLIC
DISCONNECT
/*C332*/SET SCHEMA PUBLIC
DISCONNECT
/*C333*/SET SCHEMA PUBLIC
DISCONNECT
/*C334*/SET SCHEMA PUBLIC
DISCONNECT
/*C335*/SET SCHEMA PUBLIC
DISCONNECT
/*C336*/SET SCHEMA PUBLIC
INSERT INTO BOOK_COPY VALUES(102,'5620582213794-1',1,TRUE)
ALTER SEQUENCE PUBLIC.BOOK_COPY_SEQ RESTART WITH 201
COMMIT
INSERT INTO BOOK_COPY VALUES(103,'5620582213794-2',1,TRUE)
COMMIT
INSERT INTO BOOK_COPY VALUES(104,'5620582213794-3',1,TRUE)
COMMIT
INSERT INTO BOOK_COPY VALUES(105,'5620582213794-4',1,TRUE)
COMMIT
INSERT INTO BOOK_COPY VALUES(106,'5620582213794-5',1,TRUE)
COMMIT
INSERT INTO BOOK_COPY VALUES(107,'5820192437850-1',2,TRUE)
COMMIT
INSERT INTO BOOK_COPY VALUES(108,'5820192437850-2',2,TRUE)
COMMIT
INSERT INTO BOOK_COPY VALUES(109,'5820192437850-3',2,TRUE)
COMMIT
INSERT INTO BOOK_COPY VALUES(110,'5820192437850-4',2,TRUE)
COMMIT
INSERT INTO BOOK_COPY VALUES(111,'5820192437850-5',2,TRUE)
COMMIT
INSERT INTO BOOK_COPY VALUES(112,'5820192437850-6',2,TRUE)
COMMIT
INSERT INTO BOOK_COPY VALUES(113,'5820192437850-7',2,TRUE)
COMMIT
INSERT INTO BOOK_COPY VALUES(114,'0375831002-1',3,TRUE)
COMMIT
INSERT INTO BOOK_COPY VALUES(115,'0375831002-2',3,TRUE)
COMMIT
INSERT INTO BOOK_COPY VALUES(116,'0375831002-3',3,TRUE)
COMMIT
INSERT INTO BOOK_COPY VALUES(117,'0375831002-4',3,TRUE)
COMMIT
INSERT INTO BOOK_COPY VALUES(118,'0375831002-5',3,TRUE)
COMMIT
INSERT INTO BOOK_COPY VALUES(119,'0375831002-6',3,TRUE)
COMMIT
INSERT INTO BOOK_COPY VALUES(120,'0375831002-7',3,TRUE)
COMMIT
INSERT INTO BOOK_COPY VALUES(121,'0375831002-8',3,TRUE)
COMMIT
INSERT INTO BOOK_COPY VALUES(122,'3876492189461-1',4,TRUE)
COMMIT
INSERT INTO BOOK_COPY VALUES(123,'3876492189461-2',4,TRUE)
COMMIT
INSERT INTO BOOK_COPY VALUES(124,'34987510873-1',5,TRUE)
COMMIT
INSERT INTO BOOK_COPY VALUES(125,'34987510873-2',5,TRUE)
COMMIT
INSERT INTO BOOK_COPY VALUES(126,'34987510873-3',5,TRUE)
COMMIT
INSERT INTO BOOK_COPY VALUES(127,'6782303198540-1',6,TRUE)
COMMIT
INSERT INTO BOOK_COPY VALUES(128,'6782303198540-2',6,TRUE)
COMMIT
INSERT INTO BOOK_COPY VALUES(129,'6782303198540-3',6,TRUE)
COMMIT
INSERT INTO BOOK_COPY VALUES(130,'6782303198540-4',6,TRUE)
COMMIT
INSERT INTO BOOK_COPY VALUES(131,'1874620016745-1',7,TRUE)
COMMIT
INSERT INTO BOOK_COPY VALUES(132,'1874620016745-2',7,TRUE)
COMMIT
DISCONNECT
/*C337*/SET SCHEMA PUBLIC
DISCONNECT
/*C338*/SET SCHEMA PUBLIC
DISCONNECT
/*C339*/SET SCHEMA PUBLIC
DISCONNECT
/*C340*/SET SCHEMA PUBLIC
DISCONNECT
/*C341*/SET SCHEMA PUBLIC
DISCONNECT
/*C342*/SET SCHEMA PUBLIC
DISCONNECT
/*C343*/SET SCHEMA PUBLIC
DISCONNECT
/*C344*/SET SCHEMA PUBLIC
DISCONNECT
/*C345*/SET SCHEMA PUBLIC
DISCONNECT
/*C346*/SET SCHEMA PUBLIC
INSERT INTO BOOK_COPY VALUES(152,'5620582213794-1',1,TRUE)
ALTER SEQUENCE PUBLIC.BOOK_COPY_SEQ RESTART WITH 251
COMMIT
INSERT INTO BOOK_COPY VALUES(153,'5620582213794-2',1,TRUE)
COMMIT
INSERT INTO BOOK_COPY VALUES(154,'5620582213794-3',1,TRUE)
COMMIT
INSERT INTO BOOK_COPY VALUES(155,'5620582213794-4',1,TRUE)
COMMIT
INSERT INTO BOOK_COPY VALUES(156,'5620582213794-5',1,TRUE)
COMMIT
INSERT INTO BOOK_COPY VALUES(157,'5820192437850-1',2,TRUE)
COMMIT
INSERT INTO BOOK_COPY VALUES(158,'5820192437850-2',2,TRUE)
COMMIT
INSERT INTO BOOK_COPY VALUES(159,'5820192437850-3',2,TRUE)
COMMIT
INSERT INTO BOOK_COPY VALUES(160,'5820192437850-4',2,TRUE)
COMMIT
INSERT INTO BOOK_COPY VALUES(161,'5820192437850-5',2,TRUE)
COMMIT
INSERT INTO BOOK_COPY VALUES(162,'5820192437850-6',2,TRUE)
COMMIT
INSERT INTO BOOK_COPY VALUES(163,'5820192437850-7',2,TRUE)
COMMIT
INSERT INTO BOOK_COPY VALUES(164,'0375831002-1',3,TRUE)
COMMIT
INSERT INTO BOOK_COPY VALUES(165,'0375831002-2',3,TRUE)
COMMIT
INSERT INTO BOOK_COPY VALUES(166,'0375831002-3',3,TRUE)
COMMIT
INSERT INTO BOOK_COPY VALUES(167,'0375831002-4',3,TRUE)
COMMIT
INSERT INTO BOOK_COPY VALUES(168,'0375831002-5',3,TRUE)
COMMIT
INSERT INTO BOOK_COPY VALUES(169,'0375831002-6',3,TRUE)
COMMIT
INSERT INTO BOOK_COPY VALUES(170,'0375831002-7',3,TRUE)
COMMIT
INSERT INTO BOOK_COPY VALUES(171,'0375831002-8',3,TRUE)
COMMIT
INSERT INTO BOOK_COPY VALUES(172,'3876492189461-1',4,TRUE)
COMMIT
INSERT INTO BOOK_COPY VALUES(173,'3876492189461-2',4,TRUE)
COMMIT
INSERT INTO BOOK_COPY VALUES(174,'34987510873-1',5,TRUE)
COMMIT
INSERT INTO BOOK_COPY VALUES(175,'34987510873-2',5,TRUE)
COMMIT
INSERT INTO BOOK_COPY VALUES(176,'34987510873-3',5,TRUE)
COMMIT
INSERT INTO BOOK_COPY VALUES(177,'6782303198540-1',6,TRUE)
COMMIT
INSERT INTO BOOK_COPY VALUES(178,'6782303198540-2',6,TRUE)
COMMIT
INSERT INTO BOOK_COPY VALUES(179,'6782303198540-3',6,TRUE)
COMMIT
INSERT INTO BOOK_COPY VALUES(180,'6782303198540-4',6,TRUE)
COMMIT
INSERT INTO BOOK_COPY VALUES(181,'1874620016745-1',7,TRUE)
COMMIT
INSERT INTO BOOK_COPY VALUES(182,'1874620016745-2',7,TRUE)
COMMIT
DISCONNECT
/*C347*/SET SCHEMA PUBLIC
DISCONNECT
/*C348*/SET SCHEMA PUBLIC
DISCONNECT
/*C349*/SET SCHEMA PUBLIC
DISCONNECT
/*C350*/SET SCHEMA PUBLIC
DISCONNECT
/*C351*/SET SCHEMA PUBLIC
DISCONNECT
/*C352*/SET SCHEMA PUBLIC
DISCONNECT
/*C353*/SET SCHEMA PUBLIC
DISCONNECT
/*C354*/SET SCHEMA PUBLIC
DISCONNECT
/*C355*/SET SCHEMA PUBLIC
DISCONNECT
/*C356*/SET SCHEMA PUBLIC
INSERT INTO BOOK_COPY VALUES(202,'5620582213794-1',1,TRUE)
ALTER SEQUENCE PUBLIC.BOOK_COPY_SEQ RESTART WITH 301
COMMIT
INSERT INTO BOOK_COPY VALUES(203,'5620582213794-2',1,TRUE)
COMMIT
INSERT INTO BOOK_COPY VALUES(204,'5620582213794-3',1,TRUE)
COMMIT
INSERT INTO BOOK_COPY VALUES(205,'5620582213794-4',1,TRUE)
COMMIT
INSERT INTO BOOK_COPY VALUES(206,'5620582213794-5',1,TRUE)
COMMIT
INSERT INTO BOOK_COPY VALUES(207,'5820192437850-1',2,TRUE)
COMMIT
INSERT INTO BOOK_COPY VALUES(208,'5820192437850-2',2,TRUE)
COMMIT
INSERT INTO BOOK_COPY VALUES(209,'5820192437850-3',2,TRUE)
COMMIT
INSERT INTO BOOK_COPY VALUES(210,'5820192437850-4',2,TRUE)
COMMIT
INSERT INTO BOOK_COPY VALUES(211,'5820192437850-5',2,TRUE)
COMMIT
INSERT INTO BOOK_COPY VALUES(212,'5820192437850-6',2,TRUE)
COMMIT
INSERT INTO BOOK_COPY VALUES(213,'5820192437850-7',2,TRUE)
COMMIT
INSERT INTO BOOK_COPY VALUES(214,'0375831002-1',3,TRUE)
COMMIT
INSERT INTO BOOK_COPY VALUES(215,'0375831002-2',3,TRUE)
COMMIT
INSERT INTO BOOK_COPY VALUES(216,'0375831002-3',3,TRUE)
COMMIT
INSERT INTO BOOK_COPY VALUES(217,'0375831002-4',3,TRUE)
COMMIT
INSERT INTO BOOK_COPY VALUES(218,'0375831002-5',3,TRUE)
COMMIT
INSERT INTO BOOK_COPY VALUES(219,'0375831002-6',3,TRUE)
COMMIT
INSERT INTO BOOK_COPY VALUES(220,'0375831002-7',3,TRUE)
COMMIT
INSERT INTO BOOK_COPY VALUES(221,'0375831002-8',3,TRUE)
COMMIT
INSERT INTO BOOK_COPY VALUES(222,'3876492189461-1',4,TRUE)
COMMIT
INSERT INTO BOOK_COPY VALUES(223,'3876492189461-2',4,TRUE)
COMMIT
INSERT INTO BOOK_COPY VALUES(224,'34987510873-1',5,TRUE)
COMMIT
INSERT INTO BOOK_COPY VALUES(225,'34987510873-2',5,TRUE)
COMMIT
INSERT INTO BOOK_COPY VALUES(226,'34987510873-3',5,TRUE)
COMMIT
INSERT INTO BOOK_COPY VALUES(227,'6782303198540-1',6,TRUE)
COMMIT
INSERT INTO BOOK_COPY VALUES(228,'6782303198540-2',6,TRUE)
COMMIT
INSERT INTO BOOK_COPY VALUES(229,'6782303198540-3',6,TRUE)
COMMIT
INSERT INTO BOOK_COPY VALUES(230,'6782303198540-4',6,TRUE)
COMMIT
INSERT INTO BOOK_COPY VALUES(231,'1874620016745-1',7,TRUE)
COMMIT
INSERT INTO BOOK_COPY VALUES(232,'1874620016745-2',7,TRUE)
COMMIT
DISCONNECT
/*C357*/SET SCHEMA PUBLIC
DISCONNECT
/*C358*/SET SCHEMA PUBLIC
DISCONNECT
/*C359*/SET SCHEMA PUBLIC
DISCONNECT
/*C360*/SET SCHEMA PUBLIC
DISCONNECT
/*C361*/SET SCHEMA PUBLIC
DISCONNECT
/*C362*/SET SCHEMA PUBLIC
DISCONNECT
/*C363*/SET SCHEMA PUBLIC
DISCONNECT
/*C364*/SET SCHEMA PUBLIC
DISCONNECT
/*C365*/SET SCHEMA PUBLIC
DISCONNECT
